0 info it worked if it ends with ok
1 verbose cli [ '/usr/local/bin/node',
1 verbose cli   '/usr/local/bin/npm',
1 verbose cli   'install',
1 verbose cli   'jquery.marquee',
1 verbose cli   '--save' ]
2 info using npm@3.10.8
3 info using node@v6.9.1
4 verbose config Skipping project config: /Users/fritzhowser/.npmrc. (matches userconfig)
5 silly loadCurrentTree Starting
6 silly install loadCurrentTree
7 silly install readLocalPackageData
8 silly fetchPackageMetaData jquery.marquee
9 silly fetchNamedPackageData jquery.marquee
10 silly mapToRegistry name jquery.marquee
11 silly mapToRegistry using default registry
12 silly mapToRegistry registry https://registry.npmjs.org/
13 silly mapToRegistry data Result {
13 silly mapToRegistry   raw: 'jquery.marquee',
13 silly mapToRegistry   scope: null,
13 silly mapToRegistry   escapedName: 'jquery.marquee',
13 silly mapToRegistry   name: 'jquery.marquee',
13 silly mapToRegistry   rawSpec: '',
13 silly mapToRegistry   spec: 'latest',
13 silly mapToRegistry   type: 'tag' }
14 silly mapToRegistry uri https://registry.npmjs.org/jquery.marquee
15 verbose request uri https://registry.npmjs.org/jquery.marquee
16 verbose request no auth needed
17 info attempt registry request try #1 at 6:24:06 PM
18 verbose request id 4732d1dd80d18ed0
19 http request GET https://registry.npmjs.org/jquery.marquee
20 http 200 https://registry.npmjs.org/jquery.marquee
21 verbose headers { date: 'Wed, 15 Aug 2018 22:24:07 GMT',
21 verbose headers   'content-type': 'application/json; charset=UTF-8',
21 verbose headers   'transfer-encoding': 'chunked',
21 verbose headers   connection: 'keep-alive',
21 verbose headers   'set-cookie': [ '__cfduid=dac69e4ba4af1d198d0fb36ee25284ebf1534371846; expires=Thu, 15-Aug-19 22:24:06 GMT; path=/; domain=.registry.npmjs.org; HttpOnly' ],
21 verbose headers   'cache-control': 'max-age=300',
21 verbose headers   'cf-cache-status': 'REVALIDATED',
21 verbose headers   'cf-ray': '44af11c94d9f9200-EWR',
21 verbose headers   etag: 'W/"2c75408c0ad6be5229af2e3dbc19db7a"',
21 verbose headers   'expect-ct': 'max-age=604800, report-uri="https://report-uri.cloudflare.com/cdn-cgi/beacon/expect-ct"',
21 verbose headers   'last-modified': 'Sun, 27 May 2018 05:29:19 GMT',
21 verbose headers   vary: 'accept-encoding, accept',
21 verbose headers   server: 'cloudflare',
21 verbose headers   'content-encoding': 'gzip' }
22 silly get cb [ 200,
22 silly get   { date: 'Wed, 15 Aug 2018 22:24:07 GMT',
22 silly get     'content-type': 'application/json; charset=UTF-8',
22 silly get     'transfer-encoding': 'chunked',
22 silly get     connection: 'keep-alive',
22 silly get     'set-cookie': [ '__cfduid=dac69e4ba4af1d198d0fb36ee25284ebf1534371846; expires=Thu, 15-Aug-19 22:24:06 GMT; path=/; domain=.registry.npmjs.org; HttpOnly' ],
22 silly get     'cache-control': 'max-age=300',
22 silly get     'cf-cache-status': 'REVALIDATED',
22 silly get     'cf-ray': '44af11c94d9f9200-EWR',
22 silly get     etag: 'W/"2c75408c0ad6be5229af2e3dbc19db7a"',
22 silly get     'expect-ct': 'max-age=604800, report-uri="https://report-uri.cloudflare.com/cdn-cgi/beacon/expect-ct"',
22 silly get     'last-modified': 'Sun, 27 May 2018 05:29:19 GMT',
22 silly get     vary: 'accept-encoding, accept',
22 silly get     server: 'cloudflare',
22 silly get     'content-encoding': 'gzip' } ]
23 verbose get saving jquery.marquee to /Users/fritzhowser/.npm/registry.npmjs.org/jquery.marquee/.cache.json
24 verbose correctMkdir /Users/fritzhowser/.npm correctMkdir not in flight; initializing
25 silly install normalizeTree
26 silly loadCurrentTree Finishing
27 silly loadIdealTree Starting
28 silly install loadIdealTree
29 silly cloneCurrentTree Starting
30 silly install cloneCurrentTreeToIdealTree
31 silly cloneCurrentTree Finishing
32 silly loadShrinkwrap Starting
33 silly install loadShrinkwrap
34 silly loadShrinkwrap Finishing
35 silly loadAllDepsIntoIdealTree Starting
36 silly install loadAllDepsIntoIdealTree
37 silly resolveWithNewModule jquery.marquee@1.5.0 checking installable status
38 silly cache add args [ 'jquery.marquee', null ]
39 verbose cache add spec jquery.marquee
40 silly cache add parsed spec Result {
40 silly cache add   raw: 'jquery.marquee',
40 silly cache add   scope: null,
40 silly cache add   escapedName: 'jquery.marquee',
40 silly cache add   name: 'jquery.marquee',
40 silly cache add   rawSpec: '',
40 silly cache add   spec: 'latest',
40 silly cache add   type: 'tag' }
41 silly addNamed jquery.marquee@latest
42 verbose addNamed "latest" is being treated as a dist-tag for jquery.marquee
43 info addNameTag [ 'jquery.marquee', 'latest' ]
44 silly mapToRegistry name jquery.marquee
45 silly mapToRegistry using default registry
46 silly mapToRegistry registry https://registry.npmjs.org/
47 silly mapToRegistry data Result {
47 silly mapToRegistry   raw: 'jquery.marquee',
47 silly mapToRegistry   scope: null,
47 silly mapToRegistry   escapedName: 'jquery.marquee',
47 silly mapToRegistry   name: 'jquery.marquee',
47 silly mapToRegistry   rawSpec: '',
47 silly mapToRegistry   spec: 'latest',
47 silly mapToRegistry   type: 'tag' }
48 silly mapToRegistry uri https://registry.npmjs.org/jquery.marquee
49 verbose addNameTag registry:https://registry.npmjs.org/jquery.marquee not in flight; fetching
50 verbose get https://registry.npmjs.org/jquery.marquee not expired, no request
51 silly addNameTag next cb for jquery.marquee with tag latest
52 silly addNamed jquery.marquee@1.5.0
53 verbose addNamed "1.5.0" is a plain semver version for jquery.marquee
54 silly mapToRegistry name jquery.marquee
55 silly mapToRegistry using default registry
56 silly mapToRegistry registry https://registry.npmjs.org/
57 silly mapToRegistry data Result {
57 silly mapToRegistry   raw: 'jquery.marquee',
57 silly mapToRegistry   scope: null,
57 silly mapToRegistry   escapedName: 'jquery.marquee',
57 silly mapToRegistry   name: 'jquery.marquee',
57 silly mapToRegistry   rawSpec: '',
57 silly mapToRegistry   spec: 'latest',
57 silly mapToRegistry   type: 'tag' }
58 silly mapToRegistry uri https://registry.npmjs.org/jquery.marquee
59 verbose addRemoteTarball https://registry.npmjs.org/jquery.marquee/-/jquery.marquee-1.5.0.tgz not in flight; adding
60 verbose addRemoteTarball [ 'https://registry.npmjs.org/jquery.marquee/-/jquery.marquee-1.5.0.tgz',
60 verbose addRemoteTarball   '2d65e2abb2b9240054113bc4d676ccb98eea5ea2' ]
61 info retry fetch attempt 1 at 6:24:07 PM
62 info attempt registry request try #1 at 6:24:07 PM
63 http fetch GET https://registry.npmjs.org/jquery.marquee/-/jquery.marquee-1.5.0.tgz
64 http fetch 200 https://registry.npmjs.org/jquery.marquee/-/jquery.marquee-1.5.0.tgz
65 silly fetchAndShaCheck shasum 2d65e2abb2b9240054113bc4d676ccb98eea5ea2
66 verbose addTmpTarball /var/folders/rh/n21v_27d1vz10865jkx0w_nh0000gn/T/npm-44577-4fadbe2d/registry.npmjs.org/jquery.marquee/-/jquery.marquee-1.5.0.tgz not in flight; adding
67 verbose addTmpTarball already have metadata; skipping unpack for jquery.marquee@1.5.0
68 verbose correctMkdir /Users/fritzhowser/.npm correctMkdir not in flight; initializing
69 silly cache afterAdd jquery.marquee@1.5.0
70 verbose afterAdd /Users/fritzhowser/.npm/jquery.marquee/1.5.0/package/package.json not in flight; writing
71 verbose correctMkdir /Users/fritzhowser/.npm correctMkdir not in flight; initializing
72 verbose afterAdd /Users/fritzhowser/.npm/jquery.marquee/1.5.0/package/package.json written
73 silly loadAllDepsIntoIdealTree Finishing
74 silly loadIdealTree Finishing
75 silly currentTree fritzhowser
75 silly currentTree ├── ansi-regex@2.0.0
75 silly currentTree ├── ansi-styles@2.2.1
75 silly currentTree ├── archy@1.0.0
75 silly currentTree ├── arr-diff@2.0.0
75 silly currentTree ├── arr-flatten@1.0.1
75 silly currentTree ├── array-differ@1.0.0
75 silly currentTree ├── array-find-index@1.0.2
75 silly currentTree ├── array-uniq@1.0.3
75 silly currentTree ├── array-unique@0.2.1
75 silly currentTree ├── balanced-match@0.4.2
75 silly currentTree ├── beeper@1.1.0
75 silly currentTree ├── brace-expansion@1.1.6
75 silly currentTree ├── braces@1.8.5
75 silly currentTree ├── builtin-modules@1.1.1
75 silly currentTree ├── camelcase-keys@2.1.0
75 silly currentTree ├── camelcase@2.1.1
75 silly currentTree ├── chalk@1.1.3
75 silly currentTree ├── clone-stats@0.0.1
75 silly currentTree ├── clone@1.0.2
75 silly currentTree ├── concat-map@0.0.1
75 silly currentTree ├── core-util-is@1.0.2
75 silly currentTree ├── currently-unhandled@0.4.1
75 silly currentTree ├── dateformat@1.0.12
75 silly currentTree ├── decamelize@1.2.0
75 silly currentTree ├── defaults@1.0.3
75 silly currentTree ├── deprecated@0.0.1
75 silly currentTree ├── detect-file@0.1.0
75 silly currentTree ├── duplexer2@0.0.2
75 silly currentTree ├── end-of-stream@0.1.5
75 silly currentTree ├── error-ex@1.3.0
75 silly currentTree ├── escape-string-regexp@1.0.5
75 silly currentTree ├── expand-brackets@0.1.5
75 silly currentTree ├── expand-range@1.8.2
75 silly currentTree ├── expand-tilde@1.2.2
75 silly currentTree ├── extend@3.0.0
75 silly currentTree ├── extglob@0.3.2
75 silly currentTree ├── fancy-log@1.2.0
75 silly currentTree ├── filename-regex@2.0.0
75 silly currentTree ├── fill-range@2.2.3
75 silly currentTree ├── find-index@0.1.1
75 silly currentTree ├── find-up@1.1.2
75 silly currentTree ├── findup-sync@0.4.3
75 silly currentTree ├── fined@1.0.2
75 silly currentTree ├── first-chunk-stream@1.0.0
75 silly currentTree ├── flagged-respawn@0.3.2
75 silly currentTree ├── for-in@0.1.6
75 silly currentTree ├── for-own@0.1.4
75 silly currentTree ├── fs-exists-sync@0.1.0
75 silly currentTree ├── gaze@0.5.2
75 silly currentTree ├── get-stdin@4.0.1
75 silly currentTree ├── glob-base@0.3.0
75 silly currentTree ├── glob-parent@2.0.0
75 silly currentTree ├─┬ glob-stream@3.1.18
75 silly currentTree │ ├── readable-stream@1.0.34
75 silly currentTree │ └── through2@0.6.5
75 silly currentTree ├── glob-watcher@0.0.6
75 silly currentTree ├── glob@4.5.3
75 silly currentTree ├── glob2base@0.0.12
75 silly currentTree ├── global-modules@0.2.3
75 silly currentTree ├── global-prefix@0.1.4
75 silly currentTree ├─┬ globule@0.1.0
75 silly currentTree │ ├── glob@3.1.21
75 silly currentTree │ ├── graceful-fs@1.2.3
75 silly currentTree │ ├── inherits@1.0.2
75 silly currentTree │ └── minimatch@0.2.14
75 silly currentTree ├── glogg@1.0.0
75 silly currentTree ├── graceful-fs@4.1.9
75 silly currentTree ├── gulp-util@3.0.7
75 silly currentTree ├── gulp@3.9.1
75 silly currentTree ├── gulplog@1.0.0
75 silly currentTree ├── has-ansi@2.0.0
75 silly currentTree ├── has-gulplog@0.1.0
75 silly currentTree ├── hosted-git-info@2.1.5
75 silly currentTree ├── indent-string@2.1.0
75 silly currentTree ├── inflight@1.0.6
75 silly currentTree ├── inherits@2.0.3
75 silly currentTree ├── ini@1.3.4
75 silly currentTree ├── interpret@1.0.1
75 silly currentTree ├── is-absolute@0.2.6
75 silly currentTree ├── is-arrayish@0.2.1
75 silly currentTree ├── is-buffer@1.1.4
75 silly currentTree ├── is-builtin-module@1.0.0
75 silly currentTree ├── is-dotfile@1.0.2
75 silly currentTree ├── is-equal-shallow@0.1.3
75 silly currentTree ├── is-extendable@0.1.1
75 silly currentTree ├── is-extglob@1.0.0
75 silly currentTree ├── is-finite@1.0.2
75 silly currentTree ├── is-glob@2.0.1
75 silly currentTree ├── is-number@2.1.0
75 silly currentTree ├── is-posix-bracket@0.1.1
75 silly currentTree ├── is-primitive@2.0.0
75 silly currentTree ├── is-relative@0.2.1
75 silly currentTree ├── is-unc-path@0.1.1
75 silly currentTree ├── is-utf8@0.2.1
75 silly currentTree ├── is-windows@0.2.0
75 silly currentTree ├── isarray@0.0.1
75 silly currentTree ├── isexe@1.1.2
75 silly currentTree ├─┬ isobject@2.1.0
75 silly currentTree │ └── isarray@1.0.0
75 silly currentTree ├── kind-of@3.0.4
75 silly currentTree ├── liftoff@2.3.0
75 silly currentTree ├── load-json-file@1.1.0
75 silly currentTree ├── lodash._basecopy@3.0.1
75 silly currentTree ├── lodash._basetostring@3.0.1
75 silly currentTree ├── lodash._basevalues@3.0.0
75 silly currentTree ├── lodash._getnative@3.9.1
75 silly currentTree ├── lodash._isiterateecall@3.0.9
75 silly currentTree ├── lodash._reescape@3.0.0
75 silly currentTree ├── lodash._reevaluate@3.0.0
75 silly currentTree ├── lodash._reinterpolate@3.0.0
75 silly currentTree ├── lodash._root@3.0.1
75 silly currentTree ├── lodash.assignwith@4.2.0
75 silly currentTree ├── lodash.escape@3.2.0
75 silly currentTree ├── lodash.isarguments@3.1.0
75 silly currentTree ├── lodash.isarray@3.0.4
75 silly currentTree ├── lodash.isempty@4.4.0
75 silly currentTree ├── lodash.isplainobject@4.0.6
75 silly currentTree ├── lodash.isstring@4.0.1
75 silly currentTree ├── lodash.keys@3.1.2
75 silly currentTree ├── lodash.mapvalues@4.6.0
75 silly currentTree ├── lodash.pick@4.4.0
75 silly currentTree ├── lodash.restparam@3.6.1
75 silly currentTree ├── lodash.template@3.6.2
75 silly currentTree ├── lodash.templatesettings@3.1.1
75 silly currentTree ├── lodash@1.0.2
75 silly currentTree ├── loud-rejection@1.6.0
75 silly currentTree ├── lru-cache@2.7.3
75 silly currentTree ├── map-cache@0.2.2
75 silly currentTree ├── map-obj@1.0.1
75 silly currentTree ├─┬ meow@3.7.0
75 silly currentTree │ └── object-assign@4.1.0
75 silly currentTree ├── micromatch@2.3.11
75 silly currentTree ├── minimatch@2.0.10
75 silly currentTree ├── minimist@1.2.0
75 silly currentTree ├─┬ mkdirp@0.5.1
75 silly currentTree │ └── minimist@0.0.8
75 silly currentTree ├── multipipe@0.1.2
75 silly currentTree ├── natives@1.1.0
75 silly currentTree ├── normalize-package-data@2.3.5
75 silly currentTree ├── normalize-path@2.0.1
75 silly currentTree ├── number-is-nan@1.0.1
75 silly currentTree ├── object-assign@3.0.0
75 silly currentTree ├── object.omit@2.0.1
75 silly currentTree ├── once@1.3.3
75 silly currentTree ├── orchestrator@0.3.7
75 silly currentTree ├── ordered-read-streams@0.1.0
75 silly currentTree ├── os-homedir@1.0.2
75 silly currentTree ├── os-tmpdir@1.0.2
75 silly currentTree ├── osenv@0.1.3
75 silly currentTree ├── parse-filepath@1.0.1
75 silly currentTree ├── parse-glob@3.0.4
75 silly currentTree ├── parse-json@2.2.0
75 silly currentTree ├── path-exists@2.1.0
75 silly currentTree ├── path-root-regex@0.1.2
75 silly currentTree ├── path-root@0.1.1
75 silly currentTree ├── path-type@1.1.0
75 silly currentTree ├── pify@2.3.0
75 silly currentTree ├── pinkie-promise@2.0.1
75 silly currentTree ├── pinkie@2.0.4
75 silly currentTree ├── preserve@0.2.0
75 silly currentTree ├── pretty-hrtime@1.0.2
75 silly currentTree ├── process-nextick-args@1.0.7
75 silly currentTree ├── randomatic@1.1.5
75 silly currentTree ├── read-pkg-up@1.0.1
75 silly currentTree ├── read-pkg@1.1.0
75 silly currentTree ├── readable-stream@1.1.14
75 silly currentTree ├── rechoir@0.6.2
75 silly currentTree ├── redent@1.0.0
75 silly currentTree ├── regex-cache@0.4.3
75 silly currentTree ├── repeat-element@1.1.2
75 silly currentTree ├── repeat-string@1.6.1
75 silly currentTree ├── repeating@2.0.1
75 silly currentTree ├── replace-ext@0.0.1
75 silly currentTree ├── resolve-dir@0.1.1
75 silly currentTree ├── resolve@1.1.7
75 silly currentTree ├── semver@4.3.6
75 silly currentTree ├── sequencify@0.0.7
75 silly currentTree ├── sigmund@1.0.1
75 silly currentTree ├── signal-exit@3.0.1
75 silly currentTree ├── sparkles@1.0.0
75 silly currentTree ├── spdx-correct@1.0.2
75 silly currentTree ├── spdx-expression-parse@1.0.4
75 silly currentTree ├── spdx-license-ids@1.2.2
75 silly currentTree ├── stream-consume@0.1.0
75 silly currentTree ├── string_decoder@0.10.31
75 silly currentTree ├── strip-ansi@3.0.1
75 silly currentTree ├── strip-bom@2.0.0
75 silly currentTree ├── strip-indent@1.0.1
75 silly currentTree ├── supports-color@2.0.0
75 silly currentTree ├─┬ through2@2.0.1
75 silly currentTree │ ├── isarray@1.0.0
75 silly currentTree │ └── readable-stream@2.0.6
75 silly currentTree ├── tildify@1.2.0
75 silly currentTree ├── time-stamp@1.0.1
75 silly currentTree ├── trim-newlines@1.0.0
75 silly currentTree ├── unc-path-regex@0.1.2
75 silly currentTree ├── unique-stream@1.0.0
75 silly currentTree ├── user-home@1.1.1
75 silly currentTree ├── util-deprecate@1.0.2
75 silly currentTree ├── v8flags@2.0.11
75 silly currentTree ├── validate-npm-package-license@3.0.1
75 silly currentTree ├─┬ vinyl-fs@0.3.14
75 silly currentTree │ ├── clone@0.2.0
75 silly currentTree │ ├── graceful-fs@3.0.11
75 silly currentTree │ ├── readable-stream@1.0.34
75 silly currentTree │ ├── strip-bom@1.0.0
75 silly currentTree │ ├── through2@0.6.5
75 silly currentTree │ └── vinyl@0.4.6
75 silly currentTree ├── vinyl@0.5.3
75 silly currentTree ├── which@1.2.11
75 silly currentTree ├── wrappy@1.0.2
75 silly currentTree └── xtend@4.0.1
76 silly idealTree fritzhowser
76 silly idealTree ├── ansi-regex@2.0.0
76 silly idealTree ├── ansi-styles@2.2.1
76 silly idealTree ├── archy@1.0.0
76 silly idealTree ├── arr-diff@2.0.0
76 silly idealTree ├── arr-flatten@1.0.1
76 silly idealTree ├── array-differ@1.0.0
76 silly idealTree ├── array-find-index@1.0.2
76 silly idealTree ├── array-uniq@1.0.3
76 silly idealTree ├── array-unique@0.2.1
76 silly idealTree ├── balanced-match@0.4.2
76 silly idealTree ├── beeper@1.1.0
76 silly idealTree ├── brace-expansion@1.1.6
76 silly idealTree ├── braces@1.8.5
76 silly idealTree ├── builtin-modules@1.1.1
76 silly idealTree ├── camelcase-keys@2.1.0
76 silly idealTree ├── camelcase@2.1.1
76 silly idealTree ├── chalk@1.1.3
76 silly idealTree ├── clone-stats@0.0.1
76 silly idealTree ├── clone@1.0.2
76 silly idealTree ├── concat-map@0.0.1
76 silly idealTree ├── core-util-is@1.0.2
76 silly idealTree ├── currently-unhandled@0.4.1
76 silly idealTree ├── dateformat@1.0.12
76 silly idealTree ├── decamelize@1.2.0
76 silly idealTree ├── defaults@1.0.3
76 silly idealTree ├── deprecated@0.0.1
76 silly idealTree ├── detect-file@0.1.0
76 silly idealTree ├── duplexer2@0.0.2
76 silly idealTree ├── end-of-stream@0.1.5
76 silly idealTree ├── error-ex@1.3.0
76 silly idealTree ├── escape-string-regexp@1.0.5
76 silly idealTree ├── expand-brackets@0.1.5
76 silly idealTree ├── expand-range@1.8.2
76 silly idealTree ├── expand-tilde@1.2.2
76 silly idealTree ├── extend@3.0.0
76 silly idealTree ├── extglob@0.3.2
76 silly idealTree ├── fancy-log@1.2.0
76 silly idealTree ├── filename-regex@2.0.0
76 silly idealTree ├── fill-range@2.2.3
76 silly idealTree ├── find-index@0.1.1
76 silly idealTree ├── find-up@1.1.2
76 silly idealTree ├── findup-sync@0.4.3
76 silly idealTree ├── fined@1.0.2
76 silly idealTree ├── first-chunk-stream@1.0.0
76 silly idealTree ├── flagged-respawn@0.3.2
76 silly idealTree ├── for-in@0.1.6
76 silly idealTree ├── for-own@0.1.4
76 silly idealTree ├── fs-exists-sync@0.1.0
76 silly idealTree ├── gaze@0.5.2
76 silly idealTree ├── get-stdin@4.0.1
76 silly idealTree ├── glob-base@0.3.0
76 silly idealTree ├── glob-parent@2.0.0
76 silly idealTree ├─┬ glob-stream@3.1.18
76 silly idealTree │ ├── readable-stream@1.0.34
76 silly idealTree │ └── through2@0.6.5
76 silly idealTree ├── glob-watcher@0.0.6
76 silly idealTree ├── glob@4.5.3
76 silly idealTree ├── glob2base@0.0.12
76 silly idealTree ├── global-modules@0.2.3
76 silly idealTree ├── global-prefix@0.1.4
76 silly idealTree ├─┬ globule@0.1.0
76 silly idealTree │ ├── glob@3.1.21
76 silly idealTree │ ├── graceful-fs@1.2.3
76 silly idealTree │ ├── inherits@1.0.2
76 silly idealTree │ └── minimatch@0.2.14
76 silly idealTree ├── glogg@1.0.0
76 silly idealTree ├── graceful-fs@4.1.9
76 silly idealTree ├── gulp-util@3.0.7
76 silly idealTree ├── gulp@3.9.1
76 silly idealTree ├── gulplog@1.0.0
76 silly idealTree ├── has-ansi@2.0.0
76 silly idealTree ├── has-gulplog@0.1.0
76 silly idealTree ├── hosted-git-info@2.1.5
76 silly idealTree ├── indent-string@2.1.0
76 silly idealTree ├── inflight@1.0.6
76 silly idealTree ├── inherits@2.0.3
76 silly idealTree ├── ini@1.3.4
76 silly idealTree ├── interpret@1.0.1
76 silly idealTree ├── is-absolute@0.2.6
76 silly idealTree ├── is-arrayish@0.2.1
76 silly idealTree ├── is-buffer@1.1.4
76 silly idealTree ├── is-builtin-module@1.0.0
76 silly idealTree ├── is-dotfile@1.0.2
76 silly idealTree ├── is-equal-shallow@0.1.3
76 silly idealTree ├── is-extendable@0.1.1
76 silly idealTree ├── is-extglob@1.0.0
76 silly idealTree ├── is-finite@1.0.2
76 silly idealTree ├── is-glob@2.0.1
76 silly idealTree ├── is-number@2.1.0
76 silly idealTree ├── is-posix-bracket@0.1.1
76 silly idealTree ├── is-primitive@2.0.0
76 silly idealTree ├── is-relative@0.2.1
76 silly idealTree ├── is-unc-path@0.1.1
76 silly idealTree ├── is-utf8@0.2.1
76 silly idealTree ├── is-windows@0.2.0
76 silly idealTree ├── isarray@0.0.1
76 silly idealTree ├── isexe@1.1.2
76 silly idealTree ├─┬ isobject@2.1.0
76 silly idealTree │ └── isarray@1.0.0
76 silly idealTree ├── jquery.marquee@1.5.0
76 silly idealTree ├── kind-of@3.0.4
76 silly idealTree ├── liftoff@2.3.0
76 silly idealTree ├── load-json-file@1.1.0
76 silly idealTree ├── lodash._basecopy@3.0.1
76 silly idealTree ├── lodash._basetostring@3.0.1
76 silly idealTree ├── lodash._basevalues@3.0.0
76 silly idealTree ├── lodash._getnative@3.9.1
76 silly idealTree ├── lodash._isiterateecall@3.0.9
76 silly idealTree ├── lodash._reescape@3.0.0
76 silly idealTree ├── lodash._reevaluate@3.0.0
76 silly idealTree ├── lodash._reinterpolate@3.0.0
76 silly idealTree ├── lodash._root@3.0.1
76 silly idealTree ├── lodash.assignwith@4.2.0
76 silly idealTree ├── lodash.escape@3.2.0
76 silly idealTree ├── lodash.isarguments@3.1.0
76 silly idealTree ├── lodash.isarray@3.0.4
76 silly idealTree ├── lodash.isempty@4.4.0
76 silly idealTree ├── lodash.isplainobject@4.0.6
76 silly idealTree ├── lodash.isstring@4.0.1
76 silly idealTree ├── lodash.keys@3.1.2
76 silly idealTree ├── lodash.mapvalues@4.6.0
76 silly idealTree ├── lodash.pick@4.4.0
76 silly idealTree ├── lodash.restparam@3.6.1
76 silly idealTree ├── lodash.template@3.6.2
76 silly idealTree ├── lodash.templatesettings@3.1.1
76 silly idealTree ├── lodash@1.0.2
76 silly idealTree ├── loud-rejection@1.6.0
76 silly idealTree ├── lru-cache@2.7.3
76 silly idealTree ├── map-cache@0.2.2
76 silly idealTree ├── map-obj@1.0.1
76 silly idealTree ├─┬ meow@3.7.0
76 silly idealTree │ └── object-assign@4.1.0
76 silly idealTree ├── micromatch@2.3.11
76 silly idealTree ├── minimatch@2.0.10
76 silly idealTree ├── minimist@1.2.0
76 silly idealTree ├─┬ mkdirp@0.5.1
76 silly idealTree │ └── minimist@0.0.8
76 silly idealTree ├── multipipe@0.1.2
76 silly idealTree ├── natives@1.1.0
76 silly idealTree ├── normalize-package-data@2.3.5
76 silly idealTree ├── normalize-path@2.0.1
76 silly idealTree ├── number-is-nan@1.0.1
76 silly idealTree ├── object-assign@3.0.0
76 silly idealTree ├── object.omit@2.0.1
76 silly idealTree ├── once@1.3.3
76 silly idealTree ├── orchestrator@0.3.7
76 silly idealTree ├── ordered-read-streams@0.1.0
76 silly idealTree ├── os-homedir@1.0.2
76 silly idealTree ├── os-tmpdir@1.0.2
76 silly idealTree ├── osenv@0.1.3
76 silly idealTree ├── parse-filepath@1.0.1
76 silly idealTree ├── parse-glob@3.0.4
76 silly idealTree ├── parse-json@2.2.0
76 silly idealTree ├── path-exists@2.1.0
76 silly idealTree ├── path-root-regex@0.1.2
76 silly idealTree ├── path-root@0.1.1
76 silly idealTree ├── path-type@1.1.0
76 silly idealTree ├── pify@2.3.0
76 silly idealTree ├── pinkie-promise@2.0.1
76 silly idealTree ├── pinkie@2.0.4
76 silly idealTree ├── preserve@0.2.0
76 silly idealTree ├── pretty-hrtime@1.0.2
76 silly idealTree ├── process-nextick-args@1.0.7
76 silly idealTree ├── randomatic@1.1.5
76 silly idealTree ├── read-pkg-up@1.0.1
76 silly idealTree ├── read-pkg@1.1.0
76 silly idealTree ├── readable-stream@1.1.14
76 silly idealTree ├── rechoir@0.6.2
76 silly idealTree ├── redent@1.0.0
76 silly idealTree ├── regex-cache@0.4.3
76 silly idealTree ├── repeat-element@1.1.2
76 silly idealTree ├── repeat-string@1.6.1
76 silly idealTree ├── repeating@2.0.1
76 silly idealTree ├── replace-ext@0.0.1
76 silly idealTree ├── resolve-dir@0.1.1
76 silly idealTree ├── resolve@1.1.7
76 silly idealTree ├── semver@4.3.6
76 silly idealTree ├── sequencify@0.0.7
76 silly idealTree ├── sigmund@1.0.1
76 silly idealTree ├── signal-exit@3.0.1
76 silly idealTree ├── sparkles@1.0.0
76 silly idealTree ├── spdx-correct@1.0.2
76 silly idealTree ├── spdx-expression-parse@1.0.4
76 silly idealTree ├── spdx-license-ids@1.2.2
76 silly idealTree ├── stream-consume@0.1.0
76 silly idealTree ├── string_decoder@0.10.31
76 silly idealTree ├── strip-ansi@3.0.1
76 silly idealTree ├── strip-bom@2.0.0
76 silly idealTree ├── strip-indent@1.0.1
76 silly idealTree ├── supports-color@2.0.0
76 silly idealTree ├─┬ through2@2.0.1
76 silly idealTree │ ├── isarray@1.0.0
76 silly idealTree │ └── readable-stream@2.0.6
76 silly idealTree ├── tildify@1.2.0
76 silly idealTree ├── time-stamp@1.0.1
76 silly idealTree ├── trim-newlines@1.0.0
76 silly idealTree ├── unc-path-regex@0.1.2
76 silly idealTree ├── unique-stream@1.0.0
76 silly idealTree ├── user-home@1.1.1
76 silly idealTree ├── util-deprecate@1.0.2
76 silly idealTree ├── v8flags@2.0.11
76 silly idealTree ├── validate-npm-package-license@3.0.1
76 silly idealTree ├─┬ vinyl-fs@0.3.14
76 silly idealTree │ ├── clone@0.2.0
76 silly idealTree │ ├── graceful-fs@3.0.11
76 silly idealTree │ ├── readable-stream@1.0.34
76 silly idealTree │ ├── strip-bom@1.0.0
76 silly idealTree │ ├── through2@0.6.5
76 silly idealTree │ └── vinyl@0.4.6
76 silly idealTree ├── vinyl@0.5.3
76 silly idealTree ├── which@1.2.11
76 silly idealTree ├── wrappy@1.0.2
76 silly idealTree └── xtend@4.0.1
77 silly generateActionsToTake Starting
78 silly install generateActionsToTake
79 warn checkPermissions Missing write access to /Users/fritzhowser/node_modules
80 silly rollbackFailedOptional Starting
81 silly rollbackFailedOptional Finishing
82 silly runTopLevelLifecycles Finishing
83 silly install printInstalled
84 warn enoent ENOENT: no such file or directory, open '/Users/fritzhowser/package.json'
85 verbose enoent ENOENT: no such file or directory, open '/Users/fritzhowser/package.json'
85 verbose enoent This is most likely not a problem with npm itself
85 verbose enoent and is related to npm not being able to find a file.
86 warn fritzhowser No description
87 verbose If you need help, you may report this error at:
87 verbose     <https://github.com/npm/npm/issues>
88 warn fritzhowser No repository field.
89 verbose If you need help, you may report this error at:
89 verbose     <https://github.com/npm/npm/issues>
90 warn fritzhowser No README data
91 verbose If you need help, you may report this error at:
91 verbose     <https://github.com/npm/npm/issues>
92 warn fritzhowser No license field.
93 verbose If you need help, you may report this error at:
93 verbose     <https://github.com/npm/npm/issues>
94 verbose stack Error: EACCES: permission denied, access '/Users/fritzhowser/node_modules'
94 verbose stack     at Error (native)
95 verbose cwd /Users/fritzhowser/Sites/fallrisk-dev/assets
96 error Darwin 17.5.0
97 error argv "/usr/local/bin/node" "/usr/local/bin/npm" "install" "jquery.marquee" "--save"
98 error node v6.9.1
99 error npm  v3.10.8
100 error path /Users/fritzhowser/node_modules
101 error code EACCES
102 error errno -13
103 error syscall access
104 error Error: EACCES: permission denied, access '/Users/fritzhowser/node_modules'
104 error     at Error (native)
104 error  { Error: EACCES: permission denied, access '/Users/fritzhowser/node_modules'
104 error     at Error (native)
104 error   errno: -13,
104 error   code: 'EACCES',
104 error   syscall: 'access',
104 error   path: '/Users/fritzhowser/node_modules' }
105 error Please try running this command again as root/Administrator.
106 verbose exit [ -13, true ]
